<?xml version="1.0" encoding="UTF-8"?>
<!-- Generated by org.testng.reporters.JUnitReportReporter -->
<testsuite hostname="keerthu" failures="0" tests="1" name="cc2.task1" time="37.711" errors="0" timestamp="2023-04-19T12:44:02 IST" skipped="0">
  <testcase classname="cc2.task1" name="f" time="37.711"/>
  <system-out/>
</testsuite> <!-- cc2.task1 -->
